<?xml version="1.0" encoding="UTF-8" ?>
<testsuite errors="0" failures="0" hostname="Orion" name="Korttipakka.PelipakkaTest" tests="8" time="0.08" timestamp="2012-04-11T18:36:45">
  <properties>
[...]
</properties>
  <testcase classname="Korttipakka.PelipakkaTest" name="isEmpty" time="0.005" />
  <testcase classname="Korttipakka.PelipakkaTest" name="YlinKorttiVaarinpainPaallimmainenOikeinPainFalse" time="0.0" />
  <testcase classname="Korttipakka.PelipakkaTest" name="YlinKorttiOikeinPaallimmainenOikeinPainTrue" time="0.0" />
  <testcase classname="Korttipakka.PelipakkaTest" name="LisaaminenJaPoistoToimii" time="0.0" />
  <testcase classname="Korttipakka.PelipakkaTest" name="voikoLaittaaMetodiToimiiOdotetustiJosNumerotEiTäsmää" time="0.0" />
  <testcase classname="Korttipakka.PelipakkaTest" name="voikoLaittaaMetodiToimiiOdotetustiJosMaatEiTäsmää" time="0.001" />
  <testcase classname="Korttipakka.PelipakkaTest" name="LaillinenLisaaminenOnnistuu" time="0.0" />
  <testcase classname="Korttipakka.PelipakkaTest" name="TyhjataanAlapinoKaantamallaKorttiKerrallaanYlapinoonJaPoistamalla" time="0.0" />
  <system-out><![CDATA[]]></system-out>
  <system-err><![CDATA[]]></system-err>
</testsuite>
